<?xml version="1.0" encoding="UTF-8"?>
<!-- Generated by org.testng.reporters.JUnitReportReporter -->
<testsuite hostname="VDC1ODCD200101" failures="0" tests="1" name="TestCases.MyInfo_TestCase007" time="48.022" errors="0" timestamp="2023-07-27T16:19:51 IST" skipped="0">
  <testcase classname="TestCases.MyInfo_TestCase007" name="MyInfo_Test" time="48.022"/>
</testsuite> <!-- TestCases.MyInfo_TestCase007 -->
