<?xml version="1.0" encoding="UTF-8"?>
<!-- Generated by org.testng.reporters.JUnitReportReporter -->
<testsuite hostname="Tom" failures="0" tests="1" name="TestCases.dummyTest" time="21.270" errors="0" timestamp="2023-08-12T01:18:37 IST" skipped="0">
  <testcase classname="TestCases.dummyTest" name="test11" time="21.270"/>
  <system-out/>
</testsuite> <!-- TestCases.dummyTest -->
