<?xml version="1.0" encoding="UTF-8"?>
<!-- Generated by org.testng.reporters.JUnitReportReporter -->
<testsuite hostname="VDC1ODCD200101" failures="0" tests="1" name="TestCases.Login_TestCase001" time="2.583" errors="0" timestamp="2023-08-02T20:08:52 IST" skipped="0">
  <testcase classname="TestCases.Login_TestCase001" name="loginTC" time="2.583"/>
</testsuite> <!-- TestCases.Login_TestCase001 -->
