<?xml version="1.0" encoding="UTF-8"?>
<!-- Generated by org.testng.reporters.JUnitReportReporter -->
<testsuite hostname="VDC1ODCD200101" failures="0" tests="1" name="TestCases.Login_TestCase001" time="3.693" errors="0" timestamp="2023-07-26T15:41:04 IST" skipped="0">
  <testcase classname="TestCases.Login_TestCase001" name="loginTC" time="3.693"/>
</testsuite> <!-- TestCases.Login_TestCase001 -->
