<?xml version="1.0" encoding="UTF-8"?>
<!-- Generated by org.testng.reporters.JUnitReportReporter -->
<testsuite hostname="VDC1ODCD200101" failures="0" tests="1" name="TestCases.PimPage_TestCase003" time="1.167" errors="0" timestamp="2023-07-26T00:37:34 IST" skipped="0">
  <testcase classname="TestCases.PimPage_TestCase003" name="PimTestCase" time="1.167"/>
</testsuite> <!-- TestCases.PimPage_TestCase003 -->
