<?xml version="1.0" encoding="UTF-8"?>
<!-- Generated by org.testng.reporters.JUnitReportReporter -->
<testsuite hostname="VDC1ODCD200101" failures="0" tests="1" name="TestCases.Login_TestCase" time="1.904" errors="0" timestamp="2023-07-25T19:25:53 IST" skipped="0">
  <testcase classname="TestCases.Login_TestCase" name="loginTC" time="1.904"/>
</testsuite> <!-- TestCases.Login_TestCase -->
