<?xml version="1.0" encoding="UTF-8"?>
<!-- Generated by org.testng.reporters.JUnitReportReporter -->
<testsuite hostname="VDC1ODCD200101" failures="0" tests="1" name="TestCases.Login_TestCase001" time="3.918" errors="0" timestamp="2023-07-25T21:46:34 IST" skipped="0">
  <testcase classname="TestCases.Login_TestCase001" name="loginTC" time="3.918"/>
</testsuite> <!-- TestCases.Login_TestCase001 -->
