<?xml version="1.0" encoding="UTF-8"?>
<!-- Generated by org.testng.reporters.JUnitReportReporter -->
<testsuite hostname="VDC1ODCD200101" failures="0" tests="1" name="TestCases.LeavePage_TestCase004" time="1.434" errors="0" timestamp="2023-07-26T00:37:34 IST" skipped="0">
  <testcase classname="TestCases.LeavePage_TestCase004" name="LeavePageTest" time="1.434"/>
</testsuite> <!-- TestCases.LeavePage_TestCase004 -->
