<?xml version="1.0" encoding="UTF-8"?>
<!-- Generated by org.testng.reporters.JUnitReportReporter -->
<testsuite hostname="VDC1ODCD200101" failures="0" tests="1" name="TestCases.Login_TestCase001" time="2.759" errors="0" timestamp="2023-07-27T00:44:30 IST" skipped="0">
  <testcase classname="TestCases.Login_TestCase001" name="loginTC" time="2.759"/>
</testsuite> <!-- TestCases.Login_TestCase001 -->
