<?xml version="1.0" encoding="UTF-8"?>
<!-- Generated by org.testng.reporters.JUnitReportReporter -->
<testsuite hostname="VDC1ODCD200101" failures="0" tests="1" name="TestCases.QL_MyTimeSheet_TestCase008" time="0.961" errors="0" timestamp="2023-07-27T19:20:46 IST" skipped="0">
  <testcase classname="TestCases.QL_MyTimeSheet_TestCase008" name="myTimeSheet_Test" time="0.961"/>
</testsuite> <!-- TestCases.QL_MyTimeSheet_TestCase008 -->
