<?xml version="1.0" encoding="UTF-8"?>
<!-- Generated by org.testng.reporters.JUnitReportReporter -->
<testsuite hostname="VDC1ODCD200101" failures="0" tests="1" name="TestCases.RecuirementPage_TestCase006" time="1.256" errors="0" timestamp="2023-07-26T17:05:43 IST" skipped="0">
  <testcase classname="TestCases.RecuirementPage_TestCase006" name="Recuirement_Test" time="1.256"/>
</testsuite> <!-- TestCases.RecuirementPage_TestCase006 -->
