<?xml version="1.0" encoding="UTF-8"?>
<!-- Generated by org.testng.reporters.JUnitReportReporter -->
<testsuite hostname="VDC1ODCD200101" failures="0" tests="1" name="TestCases.TimePage_TestCase005" time="2.166" errors="0" timestamp="2023-07-26T15:41:04 IST" skipped="0">
  <testcase classname="TestCases.TimePage_TestCase005" name="TimePage_test" time="2.166"/>
</testsuite> <!-- TestCases.TimePage_TestCase005 -->
